c:\ecole\uqac\inf957\hydroquebec\hydroquebec\x64\debug\powergestionapp.obj
c:\ecole\uqac\inf957\hydroquebec\hydroquebec\x64\debug\main.obj
c:\ecole\uqac\inf957\hydroquebec\hydroquebec\x64\debug\parchydroelectrique.obj
c:\ecole\uqac\inf957\hydroquebec\hydroquebec\x64\debug\sourcedonnees.obj
c:\ecole\uqac\inf957\hydroquebec\hydroquebec\x64\debug\centrale.obj
c:\ecole\uqac\inf957\hydroquebec\hydroquebec\x64\debug\input.obj
c:\ecole\uqac\inf957\hydroquebec\hydroquebec\x64\debug\reservoir.obj
c:\ecole\uqac\inf957\hydroquebec\hydroquebec\x64\debug\capteur.obj
c:\ecole\uqac\inf957\hydroquebec\hydroquebec\x64\debug\printcsvtest.obj
c:\ecole\uqac\inf957\hydroquebec\hydroquebec\x64\debug\vc143.pdb
c:\ecole\uqac\inf957\hydroquebec\hydroquebec\x64\debug\vc143.idb
c:\ecole\uqac\inf957\hydroquebec\hydroquebec\x64\debug\qrc_resources.obj
c:\ecole\uqac\inf957\hydroquebec\hydroquebec\x64\debug\stratturbinefactory.obj
c:\ecole\uqac\inf957\hydroquebec\hydroquebec\x64\debug\turbinefactory.obj
c:\ecole\uqac\inf957\hydroquebec\hydroquebec\x64\debug\productionpolynomiale.obj
c:\ecole\uqac\inf957\hydroquebec\hydroquebec\x64\debug\centralefactory.obj
c:\ecole\uqac\inf957\hydroquebec\hydroquebec\x64\debug\turbine.obj
c:\ecole\uqac\inf957\hydroquebec\hydroquebec\x64\debug\popup.obj
c:\ecole\uqac\inf957\hydroquebec\hydroquebec\x64\debug\moc_powergestionapp.obj
c:\ecole\uqac\inf957\hydroquebec\hydroquebec\x64\debug\qt\rcc\qrc_resources.cpp
c:\ecole\uqac\inf957\hydroquebec\hydroquebec\x64\debug\qt\moc\moc_powergestionapp.cpp
c:\ecole\uqac\inf957\hydroquebec\hydroquebec\x64\debug\qt\moc\moc_imageviewer.cpp
c:\ecole\uqac\inf957\hydroquebec\hydroquebec\x64\debug\qt\moc\moc_turbine.cpp
c:\ecole\uqac\inf957\hydroquebec\x64\debug\hydroquebec.exe
c:\ecole\uqac\inf957\hydroquebec\x64\debug\hydroquebec.pdb
c:\ecole\uqac\inf957\hydroquebec\hydroquebec\x64\debug\hydroquebec.ilk
c:\ecole\uqac\inf957\hydroquebec\hydroquebec\x64\debug\imageviewer.obj
c:\ecole\uqac\inf957\hydroquebec\hydroquebec\x64\debug\moc_imageviewer.obj
c:\ecole\uqac\inf957\hydroquebec\hydroquebec\x64\debug\hydroquebec.tlog\cl.command.1.tlog
c:\ecole\uqac\inf957\hydroquebec\hydroquebec\x64\debug\hydroquebec.tlog\cl.items.tlog
c:\ecole\uqac\inf957\hydroquebec\hydroquebec\x64\debug\hydroquebec.tlog\cl.read.1.tlog
c:\ecole\uqac\inf957\hydroquebec\hydroquebec\x64\debug\hydroquebec.tlog\cl.write.1.tlog
c:\ecole\uqac\inf957\hydroquebec\hydroquebec\x64\debug\hydroquebec.tlog\hydroquebec.write.1u.tlog
c:\ecole\uqac\inf957\hydroquebec\hydroquebec\x64\debug\hydroquebec.tlog\link.command.1.tlog
c:\ecole\uqac\inf957\hydroquebec\hydroquebec\x64\debug\hydroquebec.tlog\link.read.1.tlog
c:\ecole\uqac\inf957\hydroquebec\hydroquebec\x64\debug\hydroquebec.tlog\link.secondary.1.tlog
c:\ecole\uqac\inf957\hydroquebec\hydroquebec\x64\debug\hydroquebec.tlog\link.write.1.tlog
c:\ecole\uqac\inf957\hydroquebec\hydroquebec\x64\debug\hydroquebec.tlog\moc.read.1u.tlog
c:\ecole\uqac\inf957\hydroquebec\hydroquebec\x64\debug\hydroquebec.tlog\moc.write.1u.tlog
c:\ecole\uqac\inf957\hydroquebec\hydroquebec\x64\debug\hydroquebec.tlog\rcc.read.1u.tlog
c:\ecole\uqac\inf957\hydroquebec\hydroquebec\x64\debug\hydroquebec.tlog\rcc.write.1u.tlog
